{
  "RSpec": {
    "coverage": {
      "/Users/rachaelmahon/Desktop/Projects/TW-Tech-Test/Rover/spec/ground_control_spec.rb": [
        1,
        1,
        null,
        1,
        null,
        3,
        null,
        1,
        null,
        1,
        1,
        1,
        0,
        0,
        0,
        null,
        null,
        null,
        1,
        1,
        1,
        0,
        null,
        null,
        null,
        null
      ],
      "/Users/rachaelmahon/Desktop/Projects/TW-Tech-Test/Rover/lib/ground_control.rb": [
        1,
        1,
        1,
        null,
        1,
        null,
        1,
        null,
        null,
        null,
        null,
        1,
        1,
        1,
        1,
        null,
        null,
        null,
        null,
        1,
        1,
        1,
        null,
        null,
        1,
        1,
        1,
        null,
        null,
        1,
        1,
        1,
        1,
        5,
        5,
        5,
        5,
        null,
        null,
        null,
        null,
        null,
        1,
        0,
        0,
        0,
        null,
        null,
        null,
        1,
        0,
        0,
        0,
        0,
        0,
        null,
        0,
        0,
        0,
        null,
        null,
        0,
        null,
        null,
        null,
        null,
        1,
        0,
        0,
        0,
        0,
        null,
        null,
        null,
        null
      ],
      "/Users/rachaelmahon/Desktop/Projects/TW-Tech-Test/Rover/lib/plateau.rb": [
        1,
        null,
        1,
        null,
        1,
        2,
        2,
        null,
        null,
        null
      ],
      "/Users/rachaelmahon/Desktop/Projects/TW-Tech-Test/Rover/lib/rover.rb": [
        1,
        null,
        1,
        null,
        1,
        null,
        null,
        1,
        5,
        5,
        5,
        5,
        5,
        5,
        null,
        null,
        1,
        0,
        0,
        0,
        0,
        null,
        null,
        null,
        1,
        0,
        0,
        0,
        0,
        0,
        0,
        null,
        null,
        null,
        1,
        0,
        0,
        0,
        0,
        0,
        null,
        null,
        null,
        1,
        0,
        null,
        null,
        1,
        0,
        null,
        null,
        1,
        0,
        null,
        null,
        null
      ],
      "/Users/rachaelmahon/Desktop/Projects/TW-Tech-Test/Rover/lib/instructions.rb": [
        1,
        null,
        1,
        null,
        1,
        4,
        null,
        null,
        null,
        null,
        null,
        1,
        2,
        2,
        2,
        null,
        null,
        null,
        null,
        1,
        2,
        2,
        2,
        null,
        null,
        null,
        null,
        null,
        1,
        2,
        2,
        null,
        null,
        null,
        null,
        null,
        1,
        2,
        2,
        null,
        null,
        null,
        null,
        1,
        2,
        null,
        null,
        1,
        2,
        2,
        2,
        null,
        null,
        1,
        2,
        22,
        null,
        null,
        null,
        null,
        null,
        1,
        2,
        null,
        null,
        1,
        2,
        null,
        null,
        null,
        1,
        2,
        2,
        20,
        20,
        null,
        null,
        null,
        1,
        20,
        20,
        20,
        84,
        64,
        64,
        20,
        20,
        20,
        null,
        null,
        20,
        null,
        null,
        1,
        2,
        2,
        2,
        20,
        10,
        10,
        10,
        null,
        null,
        null,
        null
      ],
      "/Users/rachaelmahon/Desktop/Projects/TW-Tech-Test/Rover/spec/instructions_spec.rb": [
        1,
        1,
        null,
        1,
        null,
        1,
        1,
        1,
        1,
        null,
        null,
        null,
        1,
        1,
        1,
        1,
        0,
        0,
        null,
        null,
        null,
        1,
        1,
        1,
        1,
        1,
        1,
        0,
        0,
        0,
        null,
        null,
        null,
        null
      ],
      "/Users/rachaelmahon/Desktop/Projects/TW-Tech-Test/Rover/spec/plateau_spec.rb": [
        1,
        1,
        null,
        1,
        null,
        1,
        1,
        1,
        1,
        0,
        null,
        null,
        null
      ],
      "/Users/rachaelmahon/Desktop/Projects/TW-Tech-Test/Rover/spec/rover_spec.rb": [
        1,
        1,
        null,
        1,
        null,
        1,
        1,
        1,
        0,
        0,
        0,
        null,
        null,
        null,
        1,
        1,
        1,
        0,
        0,
        0,
        null,
        null,
        null,
        1,
        null,
        1,
        1,
        0,
        0,
        null,
        null,
        1,
        1,
        0,
        0,
        null,
        null,
        null,
        1,
        1,
        1,
        0,
        null,
        null,
        null,
        1,
        1,
        1,
        0,
        0,
        0,
        null,
        null,
        null,
        null
      ]
    },
    "timestamp": 1485220561
  }
}
